{
  "0 debug pnpm:scope": {
    "selected": 1
  },
  "1 error pnpm": {
    "errno": 1,
    "code": "ELIFECYCLE",
    "pkgid": "@example/starter@0.0.1",
    "stage": "dev",
    "script": "astro dev",
    "pkgname": "@example/starter",
    "err": {
      "name": "pnpm",
      "message": "@example/starter@0.0.1 dev: `astro dev`\nExit status 1",
      "code": "ELIFECYCLE",
      "stack": "pnpm: @example/starter@0.0.1 dev: `astro dev`\nExit status 1\n    at EventEmitter.<anonymous> (/Users/tom/.local/pnpm-global/5/node_modules/.pnpm/pnpm@6.32.3/node_modules/pnpm/dist/pnpm.cjs:105724:20)\n    at EventEmitter.emit (node:events:526:28)\n    at ChildProcess.<anonymous> (/Users/tom/.local/pnpm-global/5/node_modules/.pnpm/pnpm@6.32.3/node_modules/pnpm/dist/pnpm.cjs:92285:18)\n    at ChildProcess.emit (node:events:526:28)\n    at maybeClose (node:internal/child_process:1092:16)\n    at Process.ChildProcess._handle.onexit (node:internal/child_process:302:5)"
    }
  },
  "2 warn pnpm:global": " Local package.json exists, but node_modules missing, did you mean to install?"
}